==============================================================================
Suites                                                                        
==============================================================================
Suites.DBTest                                                                 
==============================================================================
  
  Traceback (most recent call last):
    ~~~~~~~~~~~~~~~~~~~~~~~~~~~~~~~~~~~~~~~~~~~~~~~~~~~~~~~~~~~~~~~~~~~~~~~~~~
    File  C:\Users\HP\PycharmProjects\pyRobotFrmwProject\TestCases\DBTest.robot:6
      Connect To Database    pymysql    ${DBName}    ${DBUser}    ${DBPass}    ${DBHost}    ${DBPort}
      |  ${DBName} = mydatabase-dev (str)
      |  ${DBUser} = root (str)
      |  ${DBPass} = SQL&root123 (str)
      |  ${DBHost} = 127.0.0.1 (str)
      |  ${DBPort} = 3306 (str)
______________________________________________________________________________
Create Person table                                                   | FAIL |
Parent suite setup failed:
OperationalError: (1045, "Access denied for user 'root'@'localhost' (using password: YES)")
------------------------------------------------------------------------------
Insert Data into Person table                                         | FAIL |
Parent suite setup failed:
OperationalError: (1045, "Access denied for user 'root'@'localhost' (using password: YES)")
------------------------------------------------------------------------------
Insert Data from SQL file into Person table                           | FAIL |
Parent suite setup failed:
OperationalError: (1045, "Access denied for user 'root'@'localhost' (using password: YES)")
------------------------------------------------------------------------------
Check David record present in Person table                            | FAIL |
Parent suite setup failed:
OperationalError: (1045, "Access denied for user 'root'@'localhost' (using password: YES)")
------------------------------------------------------------------------------
Check Jio record Not present in Person table                          | FAIL |
Parent suite setup failed:
OperationalError: (1045, "Access denied for user 'root'@'localhost' (using password: YES)")
------------------------------------------------------------------------------
Check Person table present in database                                | FAIL |
Parent suite setup failed:
OperationalError: (1045, "Access denied for user 'root'@'localhost' (using password: YES)")
------------------------------------------------------------------------------
Verify Row count is zero                                              | FAIL |
Parent suite setup failed:
OperationalError: (1045, "Access denied for user 'root'@'localhost' (using password: YES)")
------------------------------------------------------------------------------
Verify Row count is equal to some value                               | FAIL |
Parent suite setup failed:
OperationalError: (1045, "Access denied for user 'root'@'localhost' (using password: YES)")
------------------------------------------------------------------------------
Verify Row count is less than some value                              | FAIL |
Parent suite setup failed:
OperationalError: (1045, "Access denied for user 'root'@'localhost' (using password: YES)")
------------------------------------------------------------------------------
Update record in Person table                                         | FAIL |
Parent suite setup failed:
OperationalError: (1045, "Access denied for user 'root'@'localhost' (using password: YES)")
------------------------------------------------------------------------------
Retrieve records from Person table                                    | FAIL |
Parent suite setup failed:
OperationalError: (1045, "Access denied for user 'root'@'localhost' (using password: YES)")
------------------------------------------------------------------------------
Delete records from Person table                                      | FAIL |
Parent suite setup failed:
OperationalError: (1045, "Access denied for user 'root'@'localhost' (using password: YES)")
------------------------------------------------------------------------------
Suites.DBTest                                                         | FAIL |
Suite setup failed:
OperationalError: (1045, "Access denied for user 'root'@'localhost' (using password: YES)")

12 tests, 0 passed, 12 failed
==============================================================================
Suites                                                                | FAIL |
12 tests, 0 passed, 12 failed
==============================================================================
Output:  C:\Users\HP\PycharmProjects\pyRobotFrmwProject\pabot_results\0\output.xml
