==============================================================================
Suites                                                                        
==============================================================================
Suites.DDT                                                                    
==============================================================================
Correct user empty pass                                               | PASS |
------------------------------------------------------------------------------
Correct user wrong pass                                               | PASS |
------------------------------------------------------------------------------
Wrong user correct pass                                               | PASS |
------------------------------------------------------------------------------
Wrong user empty pass                                                 | PASS |
------------------------------------------------------------------------------
Wrong user wrong pass                                                 | PASS |
------------------------------------------------------------------------------
Suites.DDT                                                            | PASS |
5 tests, 5 passed, 0 failed
==============================================================================
Suites                                                                | PASS |
5 tests, 5 passed, 0 failed
==============================================================================
Output:  C:\Users\HP\PycharmProjects\pyRobotFrmwProject\pabot_results\1\output.xml
